<?xml version="1.0" encoding="UTF-8"?>
<testng-results ignored="0" total="1" passed="1" failed="0" skipped="0">
  <reporter-output>
  </reporter-output>
  <suite started-at="2026-02-23T12:55:43 IST" name="Default suite" finished-at="2026-02-23T12:56:47 IST" duration-ms="63948">
    <groups>
    </groups>
    <test started-at="2026-02-23T12:55:43 IST" name="Default test" finished-at="2026-02-23T12:56:47 IST" duration-ms="63948">
      <class name="TestCases.TestClass">
        <test-method is-config="true" signature="setup()[pri:0, instance:TestCases.TestClass@2eee3069]" started-at="2026-02-23T12:55:43 IST" name="setup" finished-at="2026-02-23T12:55:47 IST" duration-ms="4222" status="PASS">
          <reporter-output>
          </reporter-output>
        </test-method> <!-- setup -->
        <test-method signature="verifySearchAndSelectProduct()[pri:0, instance:TestCases.TestClass@2eee3069]" started-at="2026-02-23T12:55:47 IST" name="verifySearchAndSelectProduct" finished-at="2026-02-23T12:56:47 IST" duration-ms="59623" status="PASS">
          <reporter-output>
          </reporter-output>
        </test-method> <!-- verifySearchAndSelectProduct -->
      </class> <!-- TestCases.TestClass -->
    </test> <!-- Default test -->
  </suite> <!-- Default suite -->
</testng-results>
